{"level":"info","message":"Server is listening on port 5000","timestamp":"2023-10-30T09:05:24.292Z"}
{"level":"info","message":"Server is listening on port 5000","timestamp":"2023-10-30T09:19:42.833Z"}
{"level":"info","message":"Server is listening on port 5000","timestamp":"2023-10-30T09:20:36.474Z"}
{"level":"info","message":"Server is listening on port 5000","timestamp":"2023-10-30T09:20:52.549Z"}
{"level":"info","message":"Server is listening on port 5000","timestamp":"2023-10-30T09:21:01.993Z"}
{"level":"info","message":"Server is listening on port 5000","timestamp":"2023-10-30T09:21:24.469Z"}
{"level":"info","message":"Server is listening on port 5000","timestamp":"2023-10-30T09:21:30.455Z"}
{"level":"info","message":"Server is listening on port 5000","timestamp":"2023-10-30T09:21:34.791Z"}
{"level":"info","message":"Server is listening on port 5000","timestamp":"2023-10-30T09:21:41.849Z"}
{"level":"info","message":"Server is listening on port 5000","timestamp":"2023-10-30T09:21:44.311Z"}
{"level":"info","message":"Server is listening on port 5000","timestamp":"2023-10-30T09:21:55.695Z"}
{"level":"info","message":"Server is listening on port 5000","timestamp":"2023-10-30T09:45:47.708Z"}
{"level":"info","message":"Server is listening on port 5000","timestamp":"2023-10-30T09:52:49.749Z"}
{"level":"info","message":"Server is listening on port 5000","timestamp":"2023-10-30T09:54:49.129Z"}
{"level":"info","message":"Server is listening on port 5000","timestamp":"2023-10-30T17:28:35.710Z"}
{"level":"info","message":"[CreateUser] => Signup process started","timestamp":"2023-10-30T17:41:23.024Z"}
{"level":"info","message":"[CreateUser] => User with email olatokunjoshua@gmail.com created successfully","timestamp":"2023-10-30T17:41:23.180Z"}
{"level":"info","message":"Server is listening on port 5000","timestamp":"2023-10-30T17:42:02.295Z"}
{"level":"info","message":"[CreateUser] => Signup process started","timestamp":"2023-10-30T17:42:05.444Z"}
{"level":"info","message":"[Authenticate user] => login process started","timestamp":"2023-10-30T17:42:37.689Z"}
{"level":"info","message":"[CreateUser] => Signup process started","timestamp":"2023-10-30T17:44:36.055Z"}
{"level":"info","message":"Server is listening on port 5000","timestamp":"2023-10-30T17:56:27.044Z"}
{"level":"info","message":"Server is listening on port 5000","timestamp":"2023-10-30T17:56:32.239Z"}
{"level":"info","message":"Server is listening on port 5000","timestamp":"2023-10-30T18:04:58.484Z"}
{"level":"info","message":"[CreateUser] => Signup process started","timestamp":"2023-10-30T21:22:23.704Z"}
{"level":"info","message":"[CreateUser] => Signup process started","timestamp":"2023-10-30T21:23:26.715Z"}
{"level":"info","message":"[CreateUser] => Signup process started","timestamp":"2023-10-30T21:23:49.330Z"}
{"level":"info","message":"Server is listening on port 5000","timestamp":"2023-10-30T21:26:27.168Z"}
{"level":"info","message":"Server is listening on port 5000","timestamp":"2023-10-30T21:28:06.125Z"}
{"level":"info","message":"[CreateUser] => Signup process started","timestamp":"2023-10-30T21:30:11.323Z"}
{"level":"info","message":"[CreateUser] => Signup process started","timestamp":"2023-10-30T21:33:09.200Z"}
{"level":"info","message":"[CreateUser] => User with email graciousadamu@gmail.com created successfully","timestamp":"2023-10-30T21:33:09.321Z"}
{"level":"info","message":"Server is listening on port 5000","timestamp":"2023-10-30T21:33:41.924Z"}
{"level":"info","message":"[Authenticate user] => login process started","timestamp":"2023-10-30T21:34:22.402Z"}
{"level":"info","message":"[Authenticate user] => login process started","timestamp":"2023-10-30T21:34:35.304Z"}
{"level":"info","message":"[Authenticate user] => login process started","timestamp":"2023-10-30T21:39:24.081Z"}
{"level":"info","message":"Server is listening on port 5000","timestamp":"2023-10-30T21:39:58.261Z"}
{"level":"info","message":"[Authenticate user] => login process started","timestamp":"2023-10-30T21:40:05.787Z"}
{"level":"info","message":"[Authenticate user] => login process started","timestamp":"2023-10-30T21:40:13.133Z"}
{"level":"info","message":"Server is listening on port 5000","timestamp":"2023-10-30T21:40:29.240Z"}
{"level":"info","message":"[Authenticate user] => login process started","timestamp":"2023-10-30T21:40:46.550Z"}
{"level":"info","message":"[Authenticate user] => login process started","timestamp":"2023-10-30T21:43:58.063Z"}
{"level":"info","message":"[Authenticate user] => login process started","timestamp":"2023-10-30T21:44:13.943Z"}
{"level":"info","message":"[Authenticate user] => login process started","timestamp":"2023-10-30T21:44:37.646Z"}
{"level":"info","message":"Server is listening on port 5000","timestamp":"2023-10-30T21:48:39.979Z"}
{"level":"info","message":"[Authenticate user] => login process started","timestamp":"2023-10-30T21:48:46.802Z"}
{"level":"error","message":"Cannot set headers after they are sent to the client","timestamp":"2023-10-30T21:48:46.852Z"}
{"level":"info","message":"Server is listening on port 5000","timestamp":"2023-10-30T21:48:57.291Z"}
{"level":"info","message":"Server is listening on port 5000","timestamp":"2023-10-30T21:52:00.429Z"}
{"level":"info","message":"[Authenticate user] => login process started","timestamp":"2023-10-30T21:52:05.616Z"}
{"level":"info","message":"Server is listening on port 5000","timestamp":"2023-10-30T21:55:32.342Z"}
{"level":"info","message":"Server is listening on port 5000","timestamp":"2023-10-30T21:55:37.611Z"}
{"level":"info","message":"Server is listening on port 5000","timestamp":"2023-10-30T21:55:41.681Z"}
{"level":"info","message":"[Authenticate user] => login process started","timestamp":"2023-10-30T21:55:59.071Z"}
{"level":"info","message":"[Authenticate user] => login process started","timestamp":"2023-10-30T22:12:12.455Z"}
{"level":"info","message":"[Authenticate user] => login process started","timestamp":"2023-10-30T22:18:30.145Z"}
{"level":"info","message":"Server is listening on port 5000","timestamp":"2023-10-30T22:22:36.915Z"}
{"level":"info","message":"[Authenticate user] => login process started","timestamp":"2023-10-30T22:22:51.260Z"}
{"level":"info","message":"Server is listening on port 5000","timestamp":"2023-10-30T23:14:42.253Z"}
{"level":"info","message":"[Authenticate user] => login process started","timestamp":"2023-10-30T23:15:23.793Z"}
{"level":"error","message":"Cannot read properties of undefined (reading 'body')","timestamp":"2023-10-30T23:15:23.795Z"}
{"level":"info","message":"[Authenticate user] => login process started","timestamp":"2023-10-30T23:17:49.689Z"}
{"level":"error","message":"Cannot read properties of undefined (reading 'body')","timestamp":"2023-10-30T23:17:49.692Z"}
{"level":"info","message":"[Authenticate user] => login process started","timestamp":"2023-10-30T23:18:03.778Z"}
{"level":"error","message":"Cannot read properties of undefined (reading 'body')","timestamp":"2023-10-30T23:18:03.781Z"}
{"level":"info","message":"Server is listening on port 5000","timestamp":"2023-10-31T14:57:51.051Z"}
{"level":"info","message":"Server is listening on port 5000","timestamp":"2023-10-31T15:44:13.501Z"}
{"level":"info","message":"Server is listening on port 5000","timestamp":"2023-10-31T15:49:31.929Z"}
{"level":"info","message":"Server is listening on port 5000","timestamp":"2023-10-31T15:50:58.511Z"}
{"level":"info","message":"Server is listening on port 5000","timestamp":"2023-10-31T15:59:24.395Z"}
{"level":"info","message":"Server is listening on port 5000","timestamp":"2023-10-31T15:59:40.886Z"}
{"level":"info","message":"Server is listening on port 5000","timestamp":"2023-10-31T16:04:10.717Z"}
{"level":"info","message":"Server is listening on port 5000","timestamp":"2023-10-31T16:04:18.033Z"}
{"level":"info","message":"Server is listening on port 5000","timestamp":"2023-10-31T16:05:03.421Z"}
{"level":"info","message":"Server is listening on port 5000","timestamp":"2023-10-31T16:06:10.346Z"}
{"level":"info","message":"Server is listening on port 5000","timestamp":"2023-10-31T16:06:14.509Z"}
{"level":"info","message":"Server is listening on port 5000","timestamp":"2023-10-31T16:06:20.504Z"}
{"level":"info","message":"Server is listening on port 5000","timestamp":"2023-10-31T16:09:07.026Z"}
{"level":"error","message":"req is not defined","timestamp":"2023-10-31T16:15:27.033Z"}
{"level":"info","message":"Server is listening on port 5000","timestamp":"2023-10-31T16:15:53.600Z"}
{"level":"error","message":"req is not defined","timestamp":"2023-10-31T16:16:00.649Z"}
{"level":"info","message":"Server is listening on port 5000","timestamp":"2023-10-31T16:19:15.149Z"}
{"level":"info","message":"Server is listening on port 5000","timestamp":"2023-10-31T16:19:22.632Z"}
{"level":"info","message":"Server is listening on port 5000","timestamp":"2023-10-31T16:19:32.202Z"}
{"level":"info","message":"Server is listening on port 5000","timestamp":"2023-10-31T16:20:39.768Z"}
{"level":"info","message":"Server is listening on port 5000","timestamp":"2023-10-31T16:23:36.964Z"}
{"level":"info","message":"Server is listening on port 5000","timestamp":"2023-10-31T16:25:51.135Z"}
{"level":"info","message":"Server is listening on port 5000","timestamp":"2023-10-31T16:26:05.159Z"}
{"level":"info","message":"Server is listening on port 5000","timestamp":"2023-10-31T16:26:10.840Z"}
{"level":"info","message":"Server is listening on port 5000","timestamp":"2023-10-31T16:26:20.356Z"}
{"level":"info","message":"Server is listening on port 5000","timestamp":"2023-10-31T16:31:34.870Z"}
{"level":"error","message":"Cannot destructure property 'email' of 'req.body' as it is undefined.","timestamp":"2023-10-31T16:31:50.202Z"}
{"level":"info","message":"Server is listening on port 5000","timestamp":"2023-10-31T16:32:09.960Z"}
{"level":"error","message":"req is not defined","timestamp":"2023-10-31T16:32:15.938Z"}
{"level":"info","message":"Server is listening on port 5000","timestamp":"2023-10-31T16:32:36.626Z"}
{"level":"info","message":"Server is listening on port 5000","timestamp":"2023-10-31T16:41:25.088Z"}
{"level":"info","message":"Server is listening on port 5000","timestamp":"2023-10-31T16:44:32.197Z"}
{"level":"info","message":"Server is listening on port 5000","timestamp":"2023-10-31T16:49:03.200Z"}
{"level":"info","message":"Server is listening on port 5000","timestamp":"2023-10-31T17:03:32.664Z"}
{"level":"info","message":"Server is listening on port 5000","timestamp":"2023-10-31T17:07:51.431Z"}
{"level":"info","message":"Server is listening on port 5000","timestamp":"2023-10-31T17:08:02.898Z"}
{"level":"info","message":"Server is listening on port 5000","timestamp":"2023-10-31T17:08:06.829Z"}
{"level":"info","message":"Server is listening on port 5000","timestamp":"2023-10-31T17:08:10.299Z"}
{"level":"info","message":"Server is listening on port 5000","timestamp":"2023-10-31T17:08:14.412Z"}
{"level":"info","message":"Server is listening on port 5000","timestamp":"2023-10-31T17:08:50.225Z"}
{"level":"info","message":"Server is listening on port 5000","timestamp":"2023-10-31T17:09:02.989Z"}
{"level":"info","message":"Server is listening on port 5000","timestamp":"2023-10-31T17:09:07.565Z"}
{"level":"info","message":"Server is listening on port 5000","timestamp":"2023-10-31T17:09:12.375Z"}
{"level":"info","message":"Server is listening on port 5000","timestamp":"2023-10-31T17:09:22.963Z"}
{"level":"info","message":"Server is listening on port 5000","timestamp":"2023-10-31T17:09:36.485Z"}
{"level":"info","message":"Server is listening on port 5000","timestamp":"2023-10-31T17:13:45.735Z"}
{"level":"info","message":"Server is listening on port 5000","timestamp":"2023-10-31T17:14:11.474Z"}
{"level":"error","message":"token is not defined","timestamp":"2023-10-31T17:14:27.670Z"}
{"level":"info","message":"Server is listening on port 5000","timestamp":"2023-10-31T17:14:39.156Z"}
{"level":"error","message":"token is not defined","timestamp":"2023-10-31T17:14:43.803Z"}
{"level":"info","message":"Server is listening on port 5000","timestamp":"2023-10-31T17:14:54.348Z"}
{"level":"info","message":"Server is listening on port 5000","timestamp":"2023-11-07T15:09:08.039Z"}
{"level":"info","message":"Server is listening on port 5000","timestamp":"2023-11-07T15:09:14.022Z"}
{"level":"info","message":"Server is listening on port 5000","timestamp":"2023-11-07T15:09:17.305Z"}
{"level":"info","message":"Server is listening on port 5000","timestamp":"2023-11-07T15:10:58.263Z"}
{"level":"info","message":"Server is listening on port 5000","timestamp":"2023-11-07T15:12:24.812Z"}
{"level":"info","message":"Server is listening on port 5000","timestamp":"2023-11-07T15:13:28.458Z"}
{"level":"info","message":"Server is listening on port 5000","timestamp":"2023-11-07T15:13:37.716Z"}
{"level":"info","message":"Server is listening on port 5000","timestamp":"2023-11-07T15:14:02.138Z"}
{"level":"info","message":"Server is listening on port 5000","timestamp":"2023-11-07T15:14:11.437Z"}
{"level":"info","message":"Server is listening on port 5000","timestamp":"2023-11-07T15:17:02.635Z"}
{"level":"info","message":"Server is listening on port 5000","timestamp":"2023-11-07T15:17:18.935Z"}
{"level":"info","message":"Server is listening on port 5000","timestamp":"2023-11-07T15:17:29.630Z"}
{"level":"info","message":"Server is listening on port 5000","timestamp":"2023-11-07T15:18:36.506Z"}
{"level":"info","message":"Server is listening on port 5000","timestamp":"2023-11-07T15:21:00.583Z"}
{"level":"info","message":"Server is listening on port 5000","timestamp":"2023-11-07T15:21:54.747Z"}
{"level":"info","message":"Server is listening on port 5000","timestamp":"2023-11-07T15:22:22.373Z"}
{"level":"info","message":"Server is listening on port 5000","timestamp":"2023-11-07T15:22:28.498Z"}
{"level":"info","message":"Server is listening on port 5000","timestamp":"2023-11-07T15:32:28.899Z"}
{"level":"info","message":"Server is listening on port 5000","timestamp":"2023-11-07T15:32:33.899Z"}
{"level":"info","message":"Server is listening on port 5000","timestamp":"2023-11-07T15:32:41.069Z"}
{"level":"info","message":"Server is listening on port 5000","timestamp":"2023-11-07T15:43:48.823Z"}
{"level":"info","message":"Server is listening on port 5000","timestamp":"2023-11-07T15:46:00.835Z"}
{"level":"info","message":"Server is listening on port 5000","timestamp":"2023-11-07T15:47:13.688Z"}
